<?xml version="1.0" encoding="UTF-8"?>
<!-- Generated by org.testng.reporters.JUnitXMLReporter -->
<testsuite ignored="0" hostname="DESKTOP-Q7J8HRL" failures="0" tests="5" name="Default test" time="0.119" errors="0" timestamp="2021-12-04T13:06:08 GMT">
  <testcase classname="com.demo.sketches.A_Class" name="a_class_Demo" time="0.019"/>
  <testcase classname="com.demo.sketches.B_Class" name="b_Class_Demo" time="0.002"/>
  <testcase classname="com.demo.sketches.A_Class" name="a_class_Demo2" time="0.003"/>
  <testcase classname="com.demo.sketches.B_Class" name="b_Class_Demo1" time="0.002"/>
  <testcase classname="com.demo.sketches.B_Class" name="b_Class_Demo3" time="0.002"/>
</testsuite> <!-- Default test -->
