<?xml version="1.0" encoding="UTF-8"?>
<testng-results ignored="0" total="1" passed="1" failed="0" skipped="0">
  <reporter-output>
  </reporter-output>
  <suite started-at="2022-01-24T18:35:08 GMT" name="Suite A" finished-at="2022-01-24T18:36:30 GMT" duration-ms="82281">
    <groups>
    </groups>
    <test started-at="2022-01-24T18:35:08 GMT" name="WEBUY_TEST" finished-at="2022-01-24T18:36:30 GMT" duration-ms="82281">
      <class name="com.demo.Selenium.WEBUY_TEST">
        <test-method signature="weBuyTest()[pri:0, instance:com.demo.Selenium.WEBUY_TEST@53976f5c]" started-at="2022-01-24T18:35:08 GMT" name="weBuyTest" finished-at="2022-01-24T18:36:30 GMT" duration-ms="82224" status="PASS">
          <reporter-output>
          </reporter-output>
        </test-method> <!-- weBuyTest -->
      </class> <!-- com.demo.Selenium.WEBUY_TEST -->
    </test> <!-- WEBUY_TEST -->
  </suite> <!-- Suite A -->
  <suite started-at="2022-01-24T18:36:30 GMT" name="MySuite" finished-at="2022-01-24T18:36:30 GMT" duration-ms="0">
    <groups>
    </groups>
  </suite> <!-- MySuite -->
</testng-results>
