<?xml version="1.0" encoding="UTF-8"?>
<testsuite xmlns:xsi="http://www.w3.org/2001/XMLSchema-instance" xsi:noNamespaceSchemaLocation="https://maven.apache.org/surefire/maven-surefire-plugin/xsd/surefire-test-report-3.0.xsd" version="3.0" name="TestSuite" time="119.62" tests="1" errors="0" skipped="0" failures="0">
  <properties>
[...]
</properties>
  <testcase name="weBuyTest" classname="com.demo.Selenium.WEBUY_TEST" time="119.044">
    <system-out><![CDATA[{"username":"john","password":"password123"}
top json size 1
====================================
"User3"  objectArray
bookinfox & bookInfoName 4 GB PC12800 DDR3 1600MHz 240 Pin Memory----2
bookinfox & bookInfoName 4 GB PC10600 DDR3 1333MHz 240 Pin Memory----2
bookinfox & bookInfoName 8 GB PC25600 DDR4 3200MHz 288 Pin Memory----2
bookinfox & bookInfoName NVIDIA GeForce GTX 1050 Ti 4GB GDDR5----2
print the hash table & list null
print the list 8 GB PC25600 DDR4 3200MHz 288 Pin Memory
printing allName 4 GB PC12800 DDR3 1600MHz 240 Pin Memory
printing allName 4 GB PC12800 DDR3 1600MHz 204 Pin Memory
printing allName 8 GB PC12800 DDR3 1600MHz 240 Pin Memory
printing allName Apple Pencil 2nd Gen (A2051), B
printing allName 8 GB PC12800 DDR3 1600MHz 204 Pin Memory
printing allName 8 GB PC25600 DDR4 3200MHz 288 Pin Memory
printing allName 8 GB PC19200 DDR4 2400MHz 288 Pin Memory
printing allName 4 GB PC10600 DDR3 1333MHz 240 Pin Memory
printing allName Apple Pencil (A1603) With Lightning Adapter, B
printing allName 8 GB PC19200 DDR4 2400MHz 260 Pin Memory
printing allName Apple Pencil 2nd Gen (A2051), A
printing allName Generic Optical Mouse (USB), B
printing allName NVIDIA GeForce GTX 1050 Ti 4GB GDDR5
printing allName Apple Magic Mouse 2 Wireless (A1657) Silver, B
printing allName 8 GB PC21300 DDR4 2666MHz 288 Pin Memory
printing allName 8 GB PC24000 DDR4 3000MHz 288 Pin Memory
printing allName Apple Pencil (A1603) With Lightning Adapter, A
printing allName Samsung Galaxy Tab E T560 9.6" 8GB, WiFi B
printing allName Generic Keyboard (USB), B
printing allName Turtle Beach Ear Force Recon 50 (PC/Mac/Xbox One/PS4)
printing allName Logitech G920 Driving Force Racing Wheel+Pedals (Xbox One+PC), B
printing allName 8 GB PC21300 DDR4 2666MHz 260 Pin Memory
printing allName NVIDIA GeForce GTX 1060 6GB GDDR5
printing allName Seagate ST3500312CS 3.5" 500GB SATA
printing allName 4 GB PC10600 DDR3 1333MHz 204 Pin Memory
printing allName 2 GB PC10600 DDR3 1333MHz 240 Pin Memory
printing allName NVIDIA GeForce RTX 2060 6GB GDDR6
printing allName Apple Pencil (A1603) Without Adapter, B
printing allName 8 GB PC25600 DDR4 3200MHz 260 Pin Memory
printing allName 500 GB 2.5" SATA Hard Drive
printing allName Toshiba MQ01ABD100V 1TB 2.5" SATA
printing allName 16GB USB Flash Drive
printing allName 4 GB PC19200 DDR4 2400MHz 288 Pin Memory
printing allName Apple Magic Keyboard (A1644), B
printing allName Apple iPad 6th Gen (A1893) 9.7" 32GB - Space Grey, WiFi B
printing allName Samsung Galaxy SM-T515 Tab A 10.1" (2019) 32GB Black, Unlocked B
printing allName Seagate Game Drive for Xbox 2TB USB 3.0 - Green
printing allName Amazon Fire 7 16GB 2019, Black B
printing allName NVIDIA GeForce GTX 1070 8GB GDDR5
printing allName 8 GB PC17000 DDR4 2133MHz 288 Pin Memory
printing allName Apple Magic Mouse Wireless (A1296), B
printing allName Samsung Galaxy Tab S6 Lite S Pen (EJ-PP610) - Gray
printing allName Amazon Kindle Fire 8GB 7" 2015 5th Generation, B
printing allName Apple iPad 8th Gen (A2270) 10.2" 32GB - Space Grey, WiFi B
printing allName AMD Radeon RX 580 8GB
printing allName Samsung Galaxy Tab 3 T210 7" 8GB, WiFi B
printing allName Microsoft Surface Pen Tip Kit (4 Tips)
printing allName Apple Magic Mouse 2 Wireless (A1657) Silver, C
printing allName Seagate Game Drive 2TB 2.5" USB 3.0 For Playstation 4
printing allName Apple 61W USB-C Power Adapter (A1947)
allname size 50
allbuttons size 50
allbuttons size I want to buy this item
------b4 click button
------b4 click button
------b4 click button
------b4 click button
 display firstCol Data 4 GB PC12800 DDR3 1600MHz 240 Pin Memory
 display firstCol Data 8 GB PC25600 DDR4 3200MHz 288 Pin Memory
 display firstCol Data 4 GB PC10600 DDR3 1333MHz 240 Pin Memory
 display firstCol Data NVIDIA GeForce GTX 1050 Ti 4GB GDDR5
display select size 4
display bookinfo.get key 2
display bookinfo.get key 2
display bookinfo.get key 2
display bookinfo.get key 2
display sum - 4th Col 4
display sum - 5th Col 4
Display fifthCol.get(i).getText() £3.90
display sumItems 8.0
display sumDel 3.9
Display fifthCol.get(i).getText() £3.90
display sumItems 56.0
display sumDel 7.8
Display fifthCol.get(i).getText() £3.90
display sumItems 66.0
display sumDel 11.7
Display fifthCol.get(i).getText() FREE
 Control inside if fifthCol.get(i).getText() == FREE
display sumItems 296.0
display sumDel 11.7
 Display expectedCharges 307.7
Display actualDelCharge + actualSubTotal + actualGrandTotal £296.00---£11.70--£307.70
 TEST IS PASS
]]></system-out>
    <system-err><![CDATA[SLF4J: Failed to load class "org.slf4j.impl.StaticLoggerBinder".
SLF4J: Defaulting to no-operation (NOP) logger implementation
SLF4J: See http://www.slf4j.org/codes.html#StaticLoggerBinder for further details.
Starting ChromeDriver 101.0.4951.41 (93c720db8323b3ec10d056025ab95c23a31997c9-refs/branch-heads/4951@{#904}) on port 52990
Only local connections are allowed.
Please see https://chromedriver.chromium.org/security-considerations for suggestions on keeping ChromeDriver safe.
ChromeDriver was started successfully.
May 06, 2022 6:20:17 PM org.openqa.selenium.remote.ProtocolHandshake createSession
INFO: Detected dialect: W3C
May 06, 2022 6:20:17 PM org.openqa.selenium.devtools.CdpVersionFinder findNearestMatch
WARNING: Unable to find an exact match for CDP version 101, so returning the closest version found: 99
May 06, 2022 6:20:17 PM org.openqa.selenium.devtools.CdpVersionFinder findNearestMatch
INFO: Found CDP implementation for version 101 of 99
]]></system-err>
  </testcase>
</testsuite>