<?xml version="1.0" encoding="UTF-8"?>
<!-- Generated by org.testng.reporters.JUnitXMLReporter -->
<testsuite ignored="0" hostname="DESKTOP-Q7J8HRL" failures="0" tests="5" name="DDTestDemo" time="9.388" errors="0" timestamp="2021-11-30T23:57:17 GMT">
  <testcase classname="com.demo.Selenium.DDTestDemo2" name="loginTest" time="3.224"/>
  <testcase classname="com.demo.Selenium.DDTestDemo2" name="loginTest" time="1.133"/>
  <testcase classname="com.demo.Selenium.DDTestDemo2" name="loginTest" time="0.529"/>
  <testcase classname="com.demo.Selenium.DDTestDemo2" name="testParallel" time="0.002"/>
  <testcase classname="com.demo.Selenium.DDTestDemo2" name="testParallel2" time="0.002"/>
</testsuite> <!-- DDTestDemo -->
