<?xml version="1.0" encoding="UTF-8"?>
<!-- Generated by org.testng.reporters.JUnitXMLReporter -->
<testsuite ignored="0" hostname="DESKTOP-Q7J8HRL" failures="0" tests="5" name="DDTestDemo2" time="6.143" errors="0" timestamp="2021-11-30T23:57:23 GMT">
  <testcase classname="com.demo.Selenium.DDTestDemo" name="loginTest" time="2.062"/>
  <testcase classname="com.demo.Selenium.DDTestDemo" name="loginTest" time="1.13"/>
  <testcase classname="com.demo.Selenium.DDTestDemo" name="loginTest" time="1.127"/>
  <testcase classname="com.demo.Selenium.DDTestDemo" name="testParallel" time="0.001"/>
  <testcase classname="com.demo.Selenium.DDTestDemo" name="testParallel2" time="0.002"/>
</testsuite> <!-- DDTestDemo2 -->
