<?xml version="1.0" encoding="UTF-8"?>
<testng-results ignored="0" total="1" passed="1" failed="0" skipped="0">
  <reporter-output>
  </reporter-output>
  <suite started-at="2022-05-06T18:08:29 BST" name="Default suite" finished-at="2022-05-06T18:10:27 BST" duration-ms="118050">
    <groups>
    </groups>
    <test started-at="2022-05-06T18:08:29 BST" name="Default test" finished-at="2022-05-06T18:10:27 BST" duration-ms="118050">
      <class name="com.demo.Selenium.WEBUY_TEST">
        <test-method signature="weBuyTest()[pri:0, instance:com.demo.Selenium.WEBUY_TEST@61df66b6]" started-at="2022-05-06T18:08:29 BST" name="weBuyTest" finished-at="2022-05-06T18:10:27 BST" duration-ms="117994" status="PASS">
          <reporter-output>
          </reporter-output>
        </test-method> <!-- weBuyTest -->
      </class> <!-- com.demo.Selenium.WEBUY_TEST -->
    </test> <!-- Default test -->
  </suite> <!-- Default suite -->
</testng-results>
